<?xml version="1.0" encoding="UTF-8" ?>
<testsuite failures="0" time="0.07" errors="0" skipped="0" tests="1" name="com.parq.server.servlet.TestStringParsing">
  <properties>
    <property name="java.runtime.name" value="Java(TM) SE Runtime Environment"/>
    <property name="sun.boot.library.path" value="C:\Java\jdk1.6.0_20\jre\bin"/>
    <property name="java.vm.version" value="16.3-b01"/>
    <property name="java.vm.vendor" value="Sun Microsystems Inc."/>
    <property name="java.vendor.url" value="http://java.sun.com/"/>
    <property name="path.separator" value=";"/>
    <property name="java.vm.name" value="Java HotSpot(TM) 64-Bit Server VM"/>
    <property name="file.encoding.pkg" value="sun.io"/>
    <property name="user.country" value="US"/>
    <property name="sun.java.launcher" value="SUN_STANDARD"/>
    <property name="sun.os.patch.level" value="Service Pack 1"/>
    <property name="java.vm.specification.name" value="Java Virtual Machine Specification"/>
    <property name="user.dir" value="C:\workspace\PARQ_ServerSide\GIT_HUB_PARQ\ParqHostServlet"/>
    <property name="java.runtime.version" value="1.6.0_20-b02"/>
    <property name="java.awt.graphicsenv" value="sun.awt.Win32GraphicsEnvironment"/>
    <property name="basedir" value="C:\workspace\PARQ_ServerSide\GIT_HUB_PARQ\ParqHostServlet"/>
    <property name="java.endorsed.dirs" value="C:\Java\jdk1.6.0_20\jre\lib\endorsed"/>
    <property name="os.arch" value="amd64"/>
    <property name="surefire.real.class.path" value="C:\workspace\PARQ_ServerSide\GIT_HUB_PARQ\ParqHostServlet\target\surefire\surefirebooter6075356153473438553.jar"/>
    <property name="java.io.tmpdir" value="C:\Users\GZ\AppData\Local\Temp\"/>
    <property name="line.separator" value="
"/>
    <property name="java.vm.specification.vendor" value="Sun Microsystems Inc."/>
    <property name="user.variant" value=""/>
    <property name="os.name" value="Windows 7"/>
    <property name="sun.jnu.encoding" value="Cp1252"/>
    <property name="java.library.path" value="C:\Java\jdk1.6.0_20\jre\bin;.;C:\Windows\Sun\Java\bin;C:\Windows\system32;C:\Windows;C:\Program Files\Common Files\Microsoft Shared\Windows Live;C:\Program Files (x86)\Common Files\Microsoft Shared\Windows Live;C:\Windows\system32;C:\Windows;C:\Windows\System32\Wbem;C:\Windows\System32\WindowsPowerShell\v1.0\;C:\Program Files (x86)\Common Files\DivX Shared\;C:\Program Files\Java\jre1.5.0_11\bin;C:\Program Files\WIDCOMM\Bluetooth Software\;C:\Program Files\WIDCOMM\Bluetooth Software\syswow64;C:\Java\jdk1.6.0_20\bin;C:\Ant\apache-ant-1.8.1\bin;C:\Program Files (x86)\Common Files\Teleca Shared;C:\Program Files (x86)\Windows Live\Shared;C:\android-sdk-windows;C:\Program Files\SlikSvn\bin\;C:\Program Files (x86)\QuickTime\QTSystem\;C:\apache-maven-3.0.3\bin"/>
    <property name="surefire.test.class.path" value="C:\workspace\PARQ_ServerSide\GIT_HUB_PARQ\ParqHostServlet\target\test-classes;C:\workspace\PARQ_ServerSide\GIT_HUB_PARQ\ParqHostServlet\target\classes;C:\Users\GZ\.m2\repository\junit\junit\3.8.1\junit-3.8.1.jar;C:\Users\GZ\.m2\repository\javax\servlet\servlet-api\2.5\servlet-api-2.5.jar;"/>
    <property name="java.specification.name" value="Java Platform API Specification"/>
    <property name="java.class.version" value="50.0"/>
    <property name="sun.management.compiler" value="HotSpot 64-Bit Server Compiler"/>
    <property name="os.version" value="6.1"/>
    <property name="user.home" value="C:\Users\GZ"/>
    <property name="user.timezone" value=""/>
    <property name="java.awt.printerjob" value="sun.awt.windows.WPrinterJob"/>
    <property name="java.specification.version" value="1.6"/>
    <property name="file.encoding" value="Cp1252"/>
    <property name="user.name" value="GZ"/>
    <property name="java.class.path" value="C:\workspace\PARQ_ServerSide\GIT_HUB_PARQ\ParqHostServlet\target\test-classes;C:\workspace\PARQ_ServerSide\GIT_HUB_PARQ\ParqHostServlet\target\classes;C:\Users\GZ\.m2\repository\junit\junit\3.8.1\junit-3.8.1.jar;C:\Users\GZ\.m2\repository\javax\servlet\servlet-api\2.5\servlet-api-2.5.jar;"/>
    <property name="java.vm.specification.version" value="1.0"/>
    <property name="sun.arch.data.model" value="64"/>
    <property name="java.home" value="C:\Java\jdk1.6.0_20\jre"/>
    <property name="java.specification.vendor" value="Sun Microsystems Inc."/>
    <property name="user.language" value="en"/>
    <property name="awt.toolkit" value="sun.awt.windows.WToolkit"/>
    <property name="java.vm.info" value="mixed mode"/>
    <property name="java.version" value="1.6.0_20"/>
    <property name="java.ext.dirs" value="C:\Java\jdk1.6.0_20\jre\lib\ext;C:\Windows\Sun\Java\lib\ext"/>
    <property name="sun.boot.class.path" value="C:\Java\jdk1.6.0_20\jre\lib\resources.jar;C:\Java\jdk1.6.0_20\jre\lib\rt.jar;C:\Java\jdk1.6.0_20\jre\lib\sunrsasign.jar;C:\Java\jdk1.6.0_20\jre\lib\jsse.jar;C:\Java\jdk1.6.0_20\jre\lib\jce.jar;C:\Java\jdk1.6.0_20\jre\lib\charsets.jar;C:\Java\jdk1.6.0_20\jre\classes"/>
    <property name="java.vendor" value="Sun Microsystems Inc."/>
    <property name="localRepository" value="C:\Users\GZ\.m2\repository"/>
    <property name="file.separator" value="\"/>
    <property name="java.vendor.url.bug" value="http://java.sun.com/cgi-bin/bugreport.cgi"/>
    <property name="sun.cpu.endian" value="little"/>
    <property name="sun.io.unicode.encoding" value="UnicodeLittle"/>
    <property name="sun.desktop" value="windows"/>
    <property name="sun.cpu.isalist" value="amd64"/>
  </properties>
  <testcase time="0.011" classname="com.parq.server.servlet.TestStringParsing" name="testStringParsing"/>
</testsuite>